0 info it worked if it ends with ok
1 verbose cli [ '/usr/local/bin/node', '/usr/local/bin/npm', 'publish' ]
2 info using npm@1.2.11
3 info using node@v0.8.21
4 verbose publish [ '.' ]
5 verbose read json /home/cody/projects/dev/sawkit-node/package.json
6 verbose cache add [ '.', null ]
7 verbose cache add name=undefined spec="." args=[".",null]
8 verbose parsed url { pathname: '.', path: '.', href: '.' }
9 silly lockFile 3a52ce78- .
10 verbose lock . /home/cody/.npm/3a52ce78-.lock
11 verbose read json package.json
12 verbose tar pack [ '/home/cody/tmp/npm-24951/1367968720839-0.8732712466735393/tmp.tgz',
12 verbose tar pack   '.' ]
13 verbose tarball /home/cody/tmp/npm-24951/1367968720839-0.8732712466735393/tmp.tgz
14 verbose folder .
15 info prepublish sawkit-node@1.0.0
16 silly lockFile 3a52ce78- .
17 verbose lock . /home/cody/.npm/3a52ce78-.lock
18 silly lockFile 6e258245-20839-0-8732712466735393-tmp-tgz /home/cody/tmp/npm-24951/1367968720839-0.8732712466735393/tmp.tgz
19 verbose lock /home/cody/tmp/npm-24951/1367968720839-0.8732712466735393/tmp.tgz /home/cody/.npm/6e258245-20839-0-8732712466735393-tmp-tgz.lock
20 silly lockFile 3a52ce78- .
21 silly lockFile 3a52ce78- .
22 silly lockFile 6e258245-20839-0-8732712466735393-tmp-tgz /home/cody/tmp/npm-24951/1367968720839-0.8732712466735393/tmp.tgz
23 silly lockFile 6e258245-20839-0-8732712466735393-tmp-tgz /home/cody/tmp/npm-24951/1367968720839-0.8732712466735393/tmp.tgz
24 verbose tar unpack /home/cody/tmp/npm-24951/1367968720839-0.8732712466735393/tmp.tgz
25 silly lockFile f4811e8d-20839-0-8732712466735393-package /home/cody/tmp/npm-24951/1367968720839-0.8732712466735393/package
26 verbose lock /home/cody/tmp/npm-24951/1367968720839-0.8732712466735393/package /home/cody/.npm/f4811e8d-20839-0-8732712466735393-package.lock
27 silly lockFile 6e258245-20839-0-8732712466735393-tmp-tgz /home/cody/tmp/npm-24951/1367968720839-0.8732712466735393/tmp.tgz
28 verbose lock /home/cody/tmp/npm-24951/1367968720839-0.8732712466735393/tmp.tgz /home/cody/.npm/6e258245-20839-0-8732712466735393-tmp-tgz.lock
29 silly gunzTarPerm modes [ '755', '644' ]
30 silly gunzTarPerm extractEntry package.json
31 silly gunzTarPerm modified mode [ 'package.json', 436, 420 ]
32 silly gunzTarPerm extractEntry README.md
33 silly gunzTarPerm modified mode [ 'README.md', 436, 420 ]
34 silly gunzTarPerm extractEntry index.js
35 silly gunzTarPerm modified mode [ 'index.js', 436, 420 ]
36 silly gunzTarPerm extractEntry lib/$ws.js
37 silly gunzTarPerm modified mode [ 'lib/$ws.js', 436, 420 ]
38 verbose read json /home/cody/tmp/npm-24951/1367968720839-0.8732712466735393/package/package.json
39 silly lockFile f4811e8d-20839-0-8732712466735393-package /home/cody/tmp/npm-24951/1367968720839-0.8732712466735393/package
40 silly lockFile f4811e8d-20839-0-8732712466735393-package /home/cody/tmp/npm-24951/1367968720839-0.8732712466735393/package
41 silly lockFile 6e258245-20839-0-8732712466735393-tmp-tgz /home/cody/tmp/npm-24951/1367968720839-0.8732712466735393/tmp.tgz
42 silly lockFile 6e258245-20839-0-8732712466735393-tmp-tgz /home/cody/tmp/npm-24951/1367968720839-0.8732712466735393/tmp.tgz
43 verbose from cache /home/cody/tmp/npm-24951/1367968720839-0.8732712466735393/package/package.json
44 verbose tar pack [ '/home/cody/.npm/sawkit-node/1.0.0/package.tgz',
44 verbose tar pack   '/home/cody/tmp/npm-24951/1367968720839-0.8732712466735393/package' ]
45 verbose tarball /home/cody/.npm/sawkit-node/1.0.0/package.tgz
46 verbose folder /home/cody/tmp/npm-24951/1367968720839-0.8732712466735393/package
47 silly lockFile f4811e8d-20839-0-8732712466735393-package /home/cody/tmp/npm-24951/1367968720839-0.8732712466735393/package
48 verbose lock /home/cody/tmp/npm-24951/1367968720839-0.8732712466735393/package /home/cody/.npm/f4811e8d-20839-0-8732712466735393-package.lock
49 silly lockFile c7e0d40f-pm-sawkit-node-1-0-0-package-tgz /home/cody/.npm/sawkit-node/1.0.0/package.tgz
50 verbose lock /home/cody/.npm/sawkit-node/1.0.0/package.tgz /home/cody/.npm/c7e0d40f-pm-sawkit-node-1-0-0-package-tgz.lock
51 silly lockFile f4811e8d-20839-0-8732712466735393-package /home/cody/tmp/npm-24951/1367968720839-0.8732712466735393/package
52 silly lockFile f4811e8d-20839-0-8732712466735393-package /home/cody/tmp/npm-24951/1367968720839-0.8732712466735393/package
53 silly lockFile c7e0d40f-pm-sawkit-node-1-0-0-package-tgz /home/cody/.npm/sawkit-node/1.0.0/package.tgz
54 silly lockFile c7e0d40f-pm-sawkit-node-1-0-0-package-tgz /home/cody/.npm/sawkit-node/1.0.0/package.tgz
55 silly lockFile a0510c94-dy-npm-sawkit-node-1-0-0-package /home/cody/.npm/sawkit-node/1.0.0/package
56 verbose lock /home/cody/.npm/sawkit-node/1.0.0/package /home/cody/.npm/a0510c94-dy-npm-sawkit-node-1-0-0-package.lock
57 silly lockFile a0510c94-dy-npm-sawkit-node-1-0-0-package /home/cody/.npm/sawkit-node/1.0.0/package
58 silly lockFile a0510c94-dy-npm-sawkit-node-1-0-0-package /home/cody/.npm/sawkit-node/1.0.0/package
59 verbose tar unpack /home/cody/.npm/sawkit-node/1.0.0/package.tgz
60 silly lockFile a0510c94-dy-npm-sawkit-node-1-0-0-package /home/cody/.npm/sawkit-node/1.0.0/package
61 verbose lock /home/cody/.npm/sawkit-node/1.0.0/package /home/cody/.npm/a0510c94-dy-npm-sawkit-node-1-0-0-package.lock
62 silly lockFile c7e0d40f-pm-sawkit-node-1-0-0-package-tgz /home/cody/.npm/sawkit-node/1.0.0/package.tgz
63 verbose lock /home/cody/.npm/sawkit-node/1.0.0/package.tgz /home/cody/.npm/c7e0d40f-pm-sawkit-node-1-0-0-package-tgz.lock
64 silly gunzTarPerm modes [ '755', '644' ]
65 silly gunzTarPerm extractEntry package.json
66 silly gunzTarPerm extractEntry README.md
67 silly gunzTarPerm extractEntry index.js
68 silly gunzTarPerm extractEntry lib/$ws.js
69 verbose read json /home/cody/.npm/sawkit-node/1.0.0/package/package.json
70 silly lockFile a0510c94-dy-npm-sawkit-node-1-0-0-package /home/cody/.npm/sawkit-node/1.0.0/package
71 silly lockFile a0510c94-dy-npm-sawkit-node-1-0-0-package /home/cody/.npm/sawkit-node/1.0.0/package
72 silly lockFile c7e0d40f-pm-sawkit-node-1-0-0-package-tgz /home/cody/.npm/sawkit-node/1.0.0/package.tgz
73 silly lockFile c7e0d40f-pm-sawkit-node-1-0-0-package-tgz /home/cody/.npm/sawkit-node/1.0.0/package.tgz
74 silly shasum updated bytes 2102
75 info shasum ff3e8cd33c3fc43068c842856c3a9f5da1c79cbe
75 info shasum /home/cody/.npm/sawkit-node/1.0.0/package.tgz
76 verbose from cache /home/cody/.npm/sawkit-node/1.0.0/package/package.json
77 verbose chmod /home/cody/.npm/sawkit-node/1.0.0/package.tgz 644
78 verbose chown /home/cody/.npm/sawkit-node/1.0.0/package.tgz [ 1000, 1000 ]
79 silly lockFile 3a52ce78- .
80 silly publish { name: 'sawkit-node',
80 silly publish   description: 'A back-end Facade over the popular \'ws\' module for Node, allowing for event emissions and custom event reception.',
80 silly publish   dependencies: { ws: '*' },
80 silly publish   readmeFilename: 'README.md',
80 silly publish   version: '1.0.0',
80 silly publish   main: 'index.js',
80 silly publish   scripts: { test: '$ws({host: \'0.0.0.0\', port: 9696}).ready(function($ws, ws){console.log(\'success!\')});' },
80 silly publish   repository: { type: 'git', url: 'https://github.com/cScarlson/sawkit-node' },
80 silly publish   keywords:
80 silly publish    [ 'sawKit',
80 silly publish      'sawKit-node',
80 silly publish      'sawKit-client',
80 silly publish      'ws',
80 silly publish      '$ws',
80 silly publish      'websocket',
80 silly publish      'socket',
80 silly publish      'realtime',
80 silly publish      'socket.io',
80 silly publish      'socketIO' ],
80 silly publish   author: { name: 'Cody Carlson' },
80 silly publish   license: 'GPL',
80 silly publish   readme: 'sawKit-node\n===========\n\nA back-end Facade over the popular \'ws\' module for Node, allowing for event emissions and custom event reception.\n\n**Quick-Start**\n\n`npm install sawkit-node` or `cd node_modules` and `git clone https://github.com/cScarlson/sawkit-node.git`.\n\n        var $ws = require(\'sawkit-node\');\n        \n        $ws({port: 8080}).ready(function($ws, ws){\n          \n          $ws.send(\'Tonight at 9...\')\n            .send({msg: \'tonight at 9...\'})\n            .emit(\'news\', {message: \'WARNING! Flash-flood!\'})\n            .emit(\'news\', \'TORNADOW WARNING!\');\n          \n          $ws.on(\'news\', function(data){\n              console.log(\'NEWS!\', data, typeof data);\n            })\n            .on(\'message\', function(data){\n              console.log(\'MESSAGE!\', data, typeof data);\n            });\n          \n        });\n\n**METHODS**\n\n***COMING SOON!***\n\n\n',
80 silly publish   _id: 'sawkit-node@1.0.0',
80 silly publish   dist: { shasum: 'ff3e8cd33c3fc43068c842856c3a9f5da1c79cbe' },
80 silly publish   _from: '.' }
81 verbose url raw sawkit-node
82 verbose url resolving [ 'https://registry.npmjs.org/', './sawkit-node' ]
83 verbose url resolved https://registry.npmjs.org/sawkit-node
84 info trying registry request attempt 1 at 17:18:54
85 http PUT https://registry.npmjs.org/sawkit-node
86 http 409 https://registry.npmjs.org/sawkit-node
87 verbose url raw sawkit-node
88 verbose url resolving [ 'https://registry.npmjs.org/', './sawkit-node' ]
89 verbose url resolved https://registry.npmjs.org/sawkit-node
90 info trying registry request attempt 1 at 17:18:55
91 http GET https://registry.npmjs.org/sawkit-node
92 http 200 https://registry.npmjs.org/sawkit-node
93 error publish fail Cannot publish over existing version.
93 error publish fail Update the 'version' field in package.json and try again.
93 error publish fail
93 error publish fail If the previous version was published in error, see:
93 error publish fail     npm help unpublish
93 error publish fail
93 error publish fail To automatically increment version numbers, see:
93 error publish fail     npm help version
94 error System Linux 3.5.0-23-generic
95 error command "/usr/local/bin/node" "/usr/local/bin/npm" "publish"
96 error cwd /home/cody/projects/dev/sawkit-node
97 error node -v v0.8.21
98 error npm -v 1.2.11
99 error code EPUBLISHCONFLICT
100 verbose exit [ 1, true ]
